2025-10-07 01:45:07,936 - core.file_scanner - ERROR - _get_file_info:115 - Error getting file info for /mnt/e/CUWebinars.Azure.AccountMaintenance.exe.config: [Errno 19] No such device: '/mnt/e/CUWebinars.Azure.AccountMaintenance.exe.config'
2025-10-07 01:45:07,937 - core.file_scanner - ERROR - _get_file_info:115 - Error getting file info for /mnt/e/CUWebinars.Azure.AddLocOrderConfirmNotifier.exe.config: [Errno 19] No such device: '/mnt/e/CUWebinars.Azure.AddLocOrderConfirmNotifier.exe.config'
2025-10-07 01:45:07,937 - core.file_scanner - ERROR - _get_file_info:115 - Error getting file info for /mnt/e/CUWebinars.Azure.OrderConfirmNotifier.exe.config: [Errno 19] No such device: '/mnt/e/CUWebinars.Azure.OrderConfirmNotifier.exe.config'
2025-10-07 01:45:07,938 - core.file_scanner - ERROR - _get_file_info:115 - Error getting file info for /mnt/e/CUWebinars.Azure.OrderNotifierWebJob.exe.config: [Errno 19] No such device: '/mnt/e/CUWebinars.Azure.OrderNotifierWebJob.exe.config'
2025-10-07 01:45:07,938 - core.file_scanner - ERROR - _get_file_info:115 - Error getting file info for /mnt/e/CUWebinars.Azure.UserAccountWebJob.vshost.exe.config: [Errno 19] No such device: '/mnt/e/CUWebinars.Azure.UserAccountWebJob.vshost.exe.config'
2025-10-07 01:45:07,939 - core.file_scanner - ERROR - _get_file_info:115 - Error getting file info for /mnt/e/DumpStack.log.tmp: [Errno 19] No such device: '/mnt/e/DumpStack.log.tmp'
2025-10-07 01:45:07,939 - core.file_scanner - ERROR - _get_file_info:115 - Error getting file info for /mnt/e/MembershipReboot.svclog: [Errno 19] No such device: '/mnt/e/MembershipReboot.svclog'
2025-10-07 01:45:07,940 - core.file_scanner - ERROR - _get_file_info:115 - Error getting file info for /mnt/e/pagefile.sys: [Errno 19] No such device: '/mnt/e/pagefile.sys'
2025-10-07 01:45:07,940 - core.file_scanner - ERROR - _get_file_info:115 - Error getting file info for /mnt/e/Windows.iso: [Errno 19] No such device: '/mnt/e/Windows.iso'
2025-10-07 01:45:07,966 - core.file_scanner - ERROR - _get_file_info:115 - Error getting file info for /mnt/e/Binaries/SOAPVDIR.CMD: [Errno 19] No such device: '/mnt/e/Binaries/SOAPVDIR.CMD'
2025-10-07 01:45:07,967 - core.file_scanner - ERROR - _get_file_info:115 - Error getting file info for /mnt/e/Binaries/_svdir.VBS: [Errno 19] No such device: '/mnt/e/Binaries/_svdir.VBS'
2025-10-07 01:45:07,969 - core.file_scanner - ERROR - _get_file_info:115 - Error getting file info for /mnt/e/CodeBackup/.gitattributes: [Errno 19] No such device: '/mnt/e/CodeBackup/.gitattributes'
2025-10-07 01:45:07,970 - core.file_scanner - ERROR - _get_file_info:115 - Error getting file info for /mnt/e/CodeBackup/.gitignore: [Errno 19] No such device: '/mnt/e/CodeBackup/.gitignore'
2025-10-07 01:45:07,971 - core.file_scanner - ERROR - _get_file_info:115 - Error getting file info for /mnt/e/CodeBackup/BankWebinars.sln: [Errno 19] No such device: '/mnt/e/CodeBackup/BankWebinars.sln'
2025-10-07 01:45:07,971 - core.file_scanner - ERROR - _get_file_info:115 - Error getting file info for /mnt/e/CodeBackup/BankWebinars.v12.suo: [Errno 19] No such device: '/mnt/e/CodeBackup/BankWebinars.v12.suo'
2025-10-07 01:45:07,972 - core.file_scanner - ERROR - _get_file_info:115 - Error getting file info for /mnt/e/CodeBackup/BankWebinarsDriveCitrix.sln: [Errno 19] No such device: '/mnt/e/CodeBackup/BankWebinarsDriveCitrix.sln'
2025-10-07 01:45:07,973 - core.file_scanner - ERROR - _get_file_info:115 - Error getting file info for /mnt/e/CodeBackup/WebEssentials-Settings.json: [Errno 19] No such device: '/mnt/e/CodeBackup/WebEssentials-Settings.json'
2025-10-07 01:45:08,022 - core.file_scanner - ERROR - _get_file_info:115 - Error getting file info for /mnt/e/FileHistory/Steve/DEVHOLMEN8_12/ca38698e-70c1-4432-b8aa-5cfe1ff8418b.fhr: [Errno 19] No such device: '/mnt/e/FileHistory/Steve/DEVHOLMEN8_12/ca38698e-70c1-4432-b8aa-5cfe1ff8418b.fhr'
2025-10-07 01:45:08,033 - core.file_scanner - ERROR - _get_file_info:115 - Error getting file info for /mnt/e/FileHistory/Steve/DEVHOLMEN8_12/Configuration/Catalog1.edb: [Errno 19] No such device: '/mnt/e/FileHistory/Steve/DEVHOLMEN8_12/Configuration/Catalog1.edb'
2025-10-07 01:45:08,035 - core.file_scanner - ERROR - _get_file_info:115 - Error getting file info for /mnt/e/FileHistory/Steve/DEVHOLMEN8_12/Configuration/Catalog2.edb: [Errno 19] No such device: '/mnt/e/FileHistory/Steve/DEVHOLMEN8_12/Configuration/Catalog2.edb'
2025-10-07 01:45:08,037 - core.file_scanner - ERROR - _get_file_info:115 - Error getting file info for /mnt/e/FileHistory/Steve/DEVHOLMEN8_12/Configuration/Config1.xml: [Errno 19] No such device: '/mnt/e/FileHistory/Steve/DEVHOLMEN8_12/Configuration/Config1.xml'
2025-10-07 01:45:08,040 - core.file_scanner - ERROR - _get_file_info:115 - Error getting file info for /mnt/e/FileHistory/Steve/DEVHOLMEN8_12/Configuration/Config2.xml: [Errno 19] No such device: '/mnt/e/FileHistory/Steve/DEVHOLMEN8_12/Configuration/Config2.xml'
